{"contracts/Approval.sol":{"l":{"15":0,"19":0,"24":0,"25":0,"26":0,"29":0,"32":0,"41":0},"path":"/Users/vikival/Documents/FIIT/DP/scaffold-eth/packages/hardhat/contracts/Approval.sol","s":{"1":0,"2":0,"3":0,"4":0,"5":0,"6":0,"7":0,"8":0},"b":{"1":[0,0]},"f":{"1":0,"2":0,"3":0,"4":0,"5":0},"fnMap":{"1":{"name":"constructor","line":14,"loc":{"start":{"line":14,"column":4},"end":{"line":16,"column":4}}},"2":{"name":"setParent","line":18,"loc":{"start":{"line":18,"column":4},"end":{"line":20,"column":4}}},"3":{"name":"create","line":23,"loc":{"start":{"line":23,"column":4},"end":{"line":34,"column":4}}},"4":{"name":"finish","line":36,"loc":{"start":{"line":36,"column":4},"end":{"line":38,"column":4}}},"5":{"name":"isChildFor","line":40,"loc":{"start":{"line":40,"column":4},"end":{"line":42,"column":4}}}},"statementMap":{"1":{"start":{"line":15,"column":8},"end":{"line":15,"column":31}},"2":{"start":{"line":19,"column":8},"end":{"line":19,"column":21}},"3":{"start":{"line":24,"column":8},"end":{"line":24,"column":32}},"4":{"start":{"line":25,"column":8},"end":{"line":25,"column":759}},"5":{"start":{"line":26,"column":12},"end":{"line":26,"column":66}},"6":{"start":{"line":29,"column":12},"end":{"line":29,"column":43}},"7":{"start":{"line":32,"column":8},"end":{"line":32,"column":25}},"8":{"start":{"line":41,"column":8},"end":{"line":41,"column":29}}},"branchMap":{"1":{"line":25,"type":"if","locations":[{"start":{"line":25,"column":8},"end":{"line":25,"column":8}},{"start":{"line":25,"column":8},"end":{"line":25,"column":8}}]}}},"contracts/Asset.sol":{"l":{"14":0,"18":0,"23":0,"27":0,"29":0,"31":0,"40":0,"44":0,"48":0},"path":"/Users/vikival/Documents/FIIT/DP/scaffold-eth/packages/hardhat/contracts/Asset.sol","s":{"1":0,"2":0,"3":0,"4":0,"5":0,"6":0,"7":0,"8":0,"9":0},"b":{},"f":{"1":0,"2":0,"3":0,"4":0,"5":0,"6":0,"7":0},"fnMap":{"1":{"name":"constructor","line":13,"loc":{"start":{"line":13,"column":4},"end":{"line":15,"column":4}}},"2":{"name":"setChild","line":17,"loc":{"start":{"line":17,"column":4},"end":{"line":19,"column":4}}},"3":{"name":"isAvailable","line":22,"loc":{"start":{"line":22,"column":4},"end":{"line":24,"column":4}}},"4":{"name":"create","line":26,"loc":{"start":{"line":26,"column":4},"end":{"line":33,"column":4}}},"5":{"name":"rent","line":39,"loc":{"start":{"line":39,"column":4},"end":{"line":41,"column":4}}},"6":{"name":"isParentFor","line":43,"loc":{"start":{"line":43,"column":4},"end":{"line":45,"column":4}}},"7":{"name":"rewardAt","line":47,"loc":{"start":{"line":47,"column":4},"end":{"line":49,"column":4}}}},"statementMap":{"1":{"start":{"line":14,"column":8},"end":{"line":14,"column":31}},"2":{"start":{"line":18,"column":8},"end":{"line":18,"column":27}},"3":{"start":{"line":23,"column":8},"end":{"line":23,"column":46}},"4":{"start":{"line":27,"column":8},"end":{"line":27,"column":22}},"5":{"start":{"line":29,"column":8},"end":{"line":29,"column":36}},"6":{"start":{"line":31,"column":8},"end":{"line":31,"column":49}},"7":{"start":{"line":40,"column":8},"end":{"line":40,"column":22}},"8":{"start":{"line":44,"column":8},"end":{"line":44,"column":32}},"9":{"start":{"line":48,"column":8},"end":{"line":48,"column":25}}},"branchMap":{}},"contracts/BadgeManager.sol":{"l":{"30":0,"31":0,"35":0,"39":0,"43":0,"44":0,"45":0,"49":0,"50":0,"51":0,"52":0,"56":0,"57":0,"58":0,"62":0,"63":0,"67":0,"68":0,"72":0,"73":0,"74":0,"79":0,"80":0,"85":0,"87":0,"89":0,"91":0,"92":0},"path":"/Users/vikival/Documents/FIIT/DP/scaffold-eth/packages/hardhat/contracts/BadgeManager.sol","s":{"1":0,"2":0,"3":0,"4":0,"5":0,"6":0,"7":0,"8":0,"9":0,"10":0,"11":0,"12":0,"13":0,"14":0,"15":0,"16":0,"17":0,"18":0,"19":0,"20":0,"21":0,"22":0,"23":0,"24":0,"25":0,"26":0,"27":0},"b":{"1":[0,0],"2":[0,0],"3":[0,0],"4":[0,0]},"f":{"1":0,"2":0,"3":0,"4":0,"5":0,"6":0,"7":0,"8":0,"9":0,"10":0,"11":0},"fnMap":{"1":{"name":"constructor","line":29,"loc":{"start":{"line":29,"column":4},"end":{"line":32,"column":4}}},"2":{"name":"_exists","line":34,"loc":{"start":{"line":34,"column":4},"end":{"line":36,"column":4}}},"3":{"name":"actualTokenId","line":38,"loc":{"start":{"line":38,"column":4},"end":{"line":40,"column":4}}},"4":{"name":"_mint","line":42,"loc":{"start":{"line":42,"column":4},"end":{"line":46,"column":4}}},"5":{"name":"set","line":48,"loc":{"start":{"line":48,"column":4},"end":{"line":53,"column":4}}},"6":{"name":"get","line":55,"loc":{"start":{"line":55,"column":4},"end":{"line":59,"column":4}}},"7":{"name":"getScore","line":61,"loc":{"start":{"line":61,"column":4},"end":{"line":64,"column":4}}},"8":{"name":"getStake","line":66,"loc":{"start":{"line":66,"column":4},"end":{"line":69,"column":4}}},"9":{"name":"obtain","line":71,"loc":{"start":{"line":71,"column":4},"end":{"line":76,"column":4}}},"10":{"name":"shouldExist","line":78,"loc":{"start":{"line":78,"column":4},"end":{"line":81,"column":4}}},"11":{"name":"_revoke","line":84,"loc":{"start":{"line":84,"column":4},"end":{"line":93,"column":4}}}},"statementMap":{"1":{"start":{"line":30,"column":8},"end":{"line":30,"column":20}},"2":{"start":{"line":31,"column":8},"end":{"line":31,"column":24}},"3":{"start":{"line":35,"column":8},"end":{"line":35,"column":49}},"4":{"start":{"line":39,"column":8},"end":{"line":39,"column":32}},"5":{"start":{"line":43,"column":8},"end":{"line":43,"column":26}},"6":{"start":{"line":44,"column":8},"end":{"line":44,"column":46}},"7":{"start":{"line":45,"column":8},"end":{"line":45,"column":46}},"8":{"start":{"line":49,"column":8},"end":{"line":49,"column":38}},"9":{"start":{"line":50,"column":8},"end":{"line":50,"column":23}},"10":{"start":{"line":51,"column":8},"end":{"line":51,"column":23}},"11":{"start":{"line":52,"column":8},"end":{"line":52,"column":23}},"12":{"start":{"line":56,"column":8},"end":{"line":56,"column":78}},"13":{"start":{"line":57,"column":8},"end":{"line":57,"column":37}},"14":{"start":{"line":58,"column":8},"end":{"line":58,"column":16}},"15":{"start":{"line":62,"column":6},"end":{"line":62,"column":35}},"16":{"start":{"line":63,"column":6},"end":{"line":63,"column":24}},"17":{"start":{"line":67,"column":6},"end":{"line":67,"column":35}},"18":{"start":{"line":68,"column":6},"end":{"line":68,"column":24}},"19":{"start":{"line":72,"column":8},"end":{"line":72,"column":37}},"20":{"start":{"line":73,"column":8},"end":{"line":73,"column":34}},"21":{"start":{"line":74,"column":8},"end":{"line":74,"column":47}},"22":{"start":{"line":79,"column":7},"end":{"line":79,"column":67}},"23":{"start":{"line":85,"column":8},"end":{"line":85,"column":69}},"24":{"start":{"line":87,"column":8},"end":{"line":87,"column":50}},"25":{"start":{"line":89,"column":8},"end":{"line":89,"column":70}},"26":{"start":{"line":91,"column":8},"end":{"line":91,"column":28}},"27":{"start":{"line":92,"column":8},"end":{"line":92,"column":37}}},"branchMap":{"1":{"line":56,"type":"if","locations":[{"start":{"line":56,"column":8},"end":{"line":56,"column":8}},{"start":{"line":56,"column":8},"end":{"line":56,"column":8}}]},"2":{"line":79,"type":"if","locations":[{"start":{"line":79,"column":7},"end":{"line":79,"column":7}},{"start":{"line":79,"column":7},"end":{"line":79,"column":7}}]},"3":{"line":85,"type":"if","locations":[{"start":{"line":85,"column":8},"end":{"line":85,"column":8}},{"start":{"line":85,"column":8},"end":{"line":85,"column":8}}]},"4":{"line":89,"type":"if","locations":[{"start":{"line":89,"column":8},"end":{"line":89,"column":8}},{"start":{"line":89,"column":8},"end":{"line":89,"column":8}}]}}},"contracts/Builder.sol":{"l":{"32":0,"33":0,"34":0,"35":0},"path":"/Users/vikival/Documents/FIIT/DP/scaffold-eth/packages/hardhat/contracts/Builder.sol","s":{"1":0,"2":0,"3":0,"4":0},"b":{},"f":{"1":0,"2":0},"fnMap":{"1":{"name":"constructor","line":26,"loc":{"start":{"line":26,"column":4},"end":{"line":28,"column":4}}},"2":{"name":"create","line":30,"loc":{"start":{"line":30,"column":4},"end":{"line":38,"column":4}}}},"statementMap":{"1":{"start":{"line":32,"column":8},"end":{"line":32,"column":60}},"2":{"start":{"line":33,"column":8},"end":{"line":33,"column":69}},"3":{"start":{"line":34,"column":8},"end":{"line":34,"column":31}},"4":{"start":{"line":35,"column":8},"end":{"line":35,"column":32}}},"branchMap":{}},"contracts/IApproval.sol":{"l":{},"path":"/Users/vikival/Documents/FIIT/DP/scaffold-eth/packages/hardhat/contracts/IApproval.sol","s":{},"b":{},"f":{},"fnMap":{},"statementMap":{},"branchMap":{}},"contracts/IAsset.sol":{"l":{},"path":"/Users/vikival/Documents/FIIT/DP/scaffold-eth/packages/hardhat/contracts/IAsset.sol","s":{},"b":{},"f":{},"fnMap":{},"statementMap":{},"branchMap":{}},"contracts/IRegistry.sol":{"l":{},"path":"/Users/vikival/Documents/FIIT/DP/scaffold-eth/packages/hardhat/contracts/IRegistry.sol","s":{},"b":{},"f":{},"fnMap":{},"statementMap":{},"branchMap":{}},"contracts/Registry.sol":{"l":{"22":0,"32":0,"44":0,"45":0,"47":0,"52":0,"53":0,"55":0,"58":0,"59":0,"66":0,"67":0},"path":"/Users/vikival/Documents/FIIT/DP/scaffold-eth/packages/hardhat/contracts/Registry.sol","s":{"1":0,"2":0,"3":0,"4":0,"5":0,"6":0,"7":0,"8":0,"9":0,"10":0,"11":0},"b":{"1":[0,0],"2":[0,0],"3":[0,0]},"f":{"1":0,"2":0,"3":0,"4":0,"5":0,"6":0,"7":0,"8":0},"fnMap":{"1":{"name":"constructor","line":21,"loc":{"start":{"line":21,"column":4},"end":{"line":23,"column":4}}},"2":{"name":"addScore","line":30,"loc":{"start":{"line":30,"column":4},"end":{"line":33,"column":4}}},"3":{"name":"distribute","line":34,"loc":{"start":{"line":34,"column":4},"end":{"line":36,"column":4}}},"4":{"name":"approve","line":38,"loc":{"start":{"line":38,"column":4},"end":{"line":40,"column":4}}},"5":{"name":"resolve","line":43,"loc":{"start":{"line":43,"column":4},"end":{"line":49,"column":4}}},"6":{"name":"challenge","line":51,"loc":{"start":{"line":51,"column":4},"end":{"line":63,"column":4}}},"7":{"name":"onlyOne","line":65,"loc":{"start":{"line":65,"column":4},"end":{"line":68,"column":4}}},"8":{"name":"createBadge","line":70,"loc":{"start":{"line":70,"column":4},"end":{"line":72,"column":4}}}},"statementMap":{"1":{"start":{"line":22,"column":8},"end":{"line":22,"column":72}},"2":{"start":{"line":32,"column":8},"end":{"line":32,"column":16}},"3":{"start":{"line":44,"column":8},"end":{"line":44,"column":1361}},"4":{"start":{"line":45,"column":12},"end":{"line":45,"column":23}},"5":{"start":{"line":47,"column":12},"end":{"line":47,"column":26}},"6":{"start":{"line":52,"column":8},"end":{"line":52,"column":49}},"7":{"start":{"line":53,"column":8},"end":{"line":53,"column":51}},"8":{"start":{"line":55,"column":8},"end":{"line":55,"column":54}},"9":{"start":{"line":58,"column":8},"end":{"line":58,"column":38}},"10":{"start":{"line":59,"column":8},"end":{"line":59,"column":36}},"11":{"start":{"line":66,"column":7},"end":{"line":66,"column":77}}},"branchMap":{"1":{"line":44,"type":"if","locations":[{"start":{"line":44,"column":8},"end":{"line":44,"column":8}},{"start":{"line":44,"column":8},"end":{"line":44,"column":8}}]},"2":{"line":55,"type":"if","locations":[{"start":{"line":55,"column":8},"end":{"line":55,"column":8}},{"start":{"line":55,"column":8},"end":{"line":55,"column":8}}]},"3":{"line":66,"type":"if","locations":[{"start":{"line":66,"column":7},"end":{"line":66,"column":7}},{"start":{"line":66,"column":7},"end":{"line":66,"column":7}}]}}},"contracts/YourContract.sol":{"l":{"18":1,"19":1,"20":1},"path":"/Users/vikival/Documents/FIIT/DP/scaffold-eth/packages/hardhat/contracts/YourContract.sol","s":{"1":1,"2":1,"3":1},"b":{},"f":{"1":3,"2":1},"fnMap":{"1":{"name":"constructor","line":13,"loc":{"start":{"line":13,"column":2},"end":{"line":15,"column":2}}},"2":{"name":"setPurpose","line":17,"loc":{"start":{"line":17,"column":2},"end":{"line":21,"column":2}}}},"statementMap":{"1":{"start":{"line":18,"column":4},"end":{"line":18,"column":23}},"2":{"start":{"line":19,"column":4},"end":{"line":19,"column":51}},"3":{"start":{"line":20,"column":4},"end":{"line":20,"column":40}}},"branchMap":{}}}