{"contracts/Access.sol":{"l":{"15":1,"19":0,"24":0,"25":0,"30":0,"31":0,"32":0,"35":0,"38":0,"43":0,"44":0,"48":0},"path":"/Users/vikival/Documents/FIIT/DP/prototype/packages/hardhat/contracts/Access.sol","s":{"1":1,"2":0,"3":0,"4":0,"5":0,"6":0,"7":0,"8":0,"9":0,"10":0,"11":0},"b":{"1":[0,0],"2":[0,0]},"f":{"1":1,"2":0,"3":0,"4":0,"5":0,"6":0},"fnMap":{"1":{"name":"constructor","line":14,"loc":{"start":{"line":14,"column":4},"end":{"line":16,"column":4}}},"2":{"name":"setParent","line":18,"loc":{"start":{"line":18,"column":4},"end":{"line":20,"column":4}}},"3":{"name":"onlyParent","line":23,"loc":{"start":{"line":23,"column":4},"end":{"line":26,"column":4}}},"4":{"name":"create","line":29,"loc":{"start":{"line":29,"column":4},"end":{"line":40,"column":4}}},"5":{"name":"finish","line":42,"loc":{"start":{"line":42,"column":4},"end":{"line":45,"column":4}}},"6":{"name":"isChildFor","line":47,"loc":{"start":{"line":47,"column":4},"end":{"line":49,"column":4}}}},"statementMap":{"1":{"start":{"line":15,"column":8},"end":{"line":15,"column":31}},"2":{"start":{"line":19,"column":8},"end":{"line":19,"column":21}},"3":{"start":{"line":24,"column":7},"end":{"line":24,"column":71}},"4":{"start":{"line":30,"column":8},"end":{"line":30,"column":32}},"5":{"start":{"line":31,"column":8},"end":{"line":31,"column":878}},"6":{"start":{"line":32,"column":12},"end":{"line":32,"column":64}},"7":{"start":{"line":35,"column":12},"end":{"line":35,"column":41}},"8":{"start":{"line":38,"column":8},"end":{"line":38,"column":25}},"9":{"start":{"line":43,"column":8},"end":{"line":43,"column":35}},"10":{"start":{"line":44,"column":8},"end":{"line":44,"column":22}},"11":{"start":{"line":48,"column":8},"end":{"line":48,"column":29}}},"branchMap":{"1":{"line":24,"type":"if","locations":[{"start":{"line":24,"column":7},"end":{"line":24,"column":7}},{"start":{"line":24,"column":7},"end":{"line":24,"column":7}}]},"2":{"line":31,"type":"if","locations":[{"start":{"line":31,"column":8},"end":{"line":31,"column":8}},{"start":{"line":31,"column":8},"end":{"line":31,"column":8}}]}}},"contracts/AccessFactory.sol":{"l":{"26":1,"30":1,"35":1,"39":1,"43":0},"path":"/Users/vikival/Documents/FIIT/DP/prototype/packages/hardhat/contracts/AccessFactory.sol","s":{"1":1,"2":1,"3":1,"4":1,"5":0},"b":{},"f":{"1":9,"2":1,"3":1,"4":1,"5":0},"fnMap":{"1":{"name":"constructor","line":20,"loc":{"start":{"line":20,"column":4},"end":{"line":22,"column":4}}},"2":{"name":"deploy","line":24,"loc":{"start":{"line":24,"column":4},"end":{"line":32,"column":4}}},"3":{"name":"canProduce","line":34,"loc":{"start":{"line":34,"column":4},"end":{"line":36,"column":4}}},"4":{"name":"supportsInterface","line":38,"loc":{"start":{"line":38,"column":4},"end":{"line":40,"column":4}}},"5":{"name":"a","line":42,"loc":{"start":{"line":42,"column":4},"end":{"line":44,"column":4}}}},"statementMap":{"1":{"start":{"line":26,"column":8},"end":{"line":26,"column":60}},"2":{"start":{"line":30,"column":8},"end":{"line":30,"column":30}},"3":{"start":{"line":35,"column":8},"end":{"line":35,"column":55}},"4":{"start":{"line":39,"column":8},"end":{"line":39,"column":64}},"5":{"start":{"line":43,"column":8},"end":{"line":43,"column":49}}},"branchMap":{}},"contracts/Asset.sol":{"l":{"14":1,"18":0,"23":0,"27":0,"29":0,"31":0,"40":0,"44":0,"48":0},"path":"/Users/vikival/Documents/FIIT/DP/prototype/packages/hardhat/contracts/Asset.sol","s":{"1":1,"2":0,"3":0,"4":0,"5":0,"6":0,"7":0,"8":0,"9":0},"b":{},"f":{"1":1,"2":0,"3":0,"4":0,"5":0,"6":0,"7":0},"fnMap":{"1":{"name":"constructor","line":13,"loc":{"start":{"line":13,"column":4},"end":{"line":15,"column":4}}},"2":{"name":"setChild","line":17,"loc":{"start":{"line":17,"column":4},"end":{"line":19,"column":4}}},"3":{"name":"isAvailable","line":22,"loc":{"start":{"line":22,"column":4},"end":{"line":24,"column":4}}},"4":{"name":"create","line":26,"loc":{"start":{"line":26,"column":4},"end":{"line":33,"column":4}}},"5":{"name":"rent","line":39,"loc":{"start":{"line":39,"column":4},"end":{"line":41,"column":4}}},"6":{"name":"isParentFor","line":43,"loc":{"start":{"line":43,"column":4},"end":{"line":45,"column":4}}},"7":{"name":"rewardAt","line":47,"loc":{"start":{"line":47,"column":4},"end":{"line":49,"column":4}}}},"statementMap":{"1":{"start":{"line":14,"column":8},"end":{"line":14,"column":31}},"2":{"start":{"line":18,"column":8},"end":{"line":18,"column":32}},"3":{"start":{"line":23,"column":8},"end":{"line":23,"column":46}},"4":{"start":{"line":27,"column":8},"end":{"line":27,"column":22}},"5":{"start":{"line":29,"column":8},"end":{"line":29,"column":36}},"6":{"start":{"line":31,"column":8},"end":{"line":31,"column":49}},"7":{"start":{"line":40,"column":8},"end":{"line":40,"column":22}},"8":{"start":{"line":44,"column":8},"end":{"line":44,"column":32}},"9":{"start":{"line":48,"column":8},"end":{"line":48,"column":25}}},"branchMap":{}},"contracts/AssetFactory.sol":{"l":{"26":1,"30":1,"35":1,"39":1},"path":"/Users/vikival/Documents/FIIT/DP/prototype/packages/hardhat/contracts/AssetFactory.sol","s":{"1":1,"2":1,"3":1,"4":1},"b":{},"f":{"1":9,"2":1,"3":1,"4":1},"fnMap":{"1":{"name":"constructor","line":20,"loc":{"start":{"line":20,"column":4},"end":{"line":22,"column":4}}},"2":{"name":"deploy","line":24,"loc":{"start":{"line":24,"column":4},"end":{"line":32,"column":4}}},"3":{"name":"canProduce","line":34,"loc":{"start":{"line":34,"column":4},"end":{"line":36,"column":4}}},"4":{"name":"supportsInterface","line":38,"loc":{"start":{"line":38,"column":4},"end":{"line":40,"column":4}}}},"statementMap":{"1":{"start":{"line":26,"column":8},"end":{"line":26,"column":57}},"2":{"start":{"line":30,"column":8},"end":{"line":30,"column":29}},"3":{"start":{"line":35,"column":8},"end":{"line":35,"column":54}},"4":{"start":{"line":39,"column":8},"end":{"line":39,"column":64}}},"branchMap":{}},"contracts/BadgeManager.sol":{"l":{"30":12,"31":12,"35":4,"39":11,"43":3,"44":3,"45":3,"49":3,"53":3,"54":3,"55":3,"56":3,"60":3,"61":3,"62":3,"66":1,"67":1,"71":1,"72":1,"76":1,"77":1,"78":1,"83":4,"84":4,"89":1,"91":1,"93":1,"95":0,"96":0},"path":"/Users/vikival/Documents/FIIT/DP/prototype/packages/hardhat/contracts/BadgeManager.sol","s":{"1":12,"2":12,"3":4,"4":11,"5":3,"6":3,"7":3,"8":3,"9":3,"10":3,"11":3,"12":3,"13":3,"14":3,"15":3,"16":1,"17":1,"18":1,"19":1,"20":1,"21":1,"22":1,"23":4,"24":1,"25":1,"26":1,"27":0,"28":0},"b":{"1":[3,0],"2":[4,0],"3":[1,0],"4":[0,1]},"f":{"1":12,"2":4,"3":11,"4":3,"5":3,"6":3,"7":3,"8":1,"9":1,"10":1,"11":4,"12":1},"fnMap":{"1":{"name":"constructor","line":29,"loc":{"start":{"line":29,"column":4},"end":{"line":32,"column":4}}},"2":{"name":"_exists","line":34,"loc":{"start":{"line":34,"column":4},"end":{"line":36,"column":4}}},"3":{"name":"actualTokenId","line":38,"loc":{"start":{"line":38,"column":4},"end":{"line":40,"column":4}}},"4":{"name":"_mint","line":42,"loc":{"start":{"line":42,"column":4},"end":{"line":46,"column":4}}},"5":{"name":"create","line":48,"loc":{"start":{"line":48,"column":4},"end":{"line":50,"column":4}}},"6":{"name":"set","line":52,"loc":{"start":{"line":52,"column":4},"end":{"line":57,"column":4}}},"7":{"name":"get","line":59,"loc":{"start":{"line":59,"column":4},"end":{"line":63,"column":4}}},"8":{"name":"getScore","line":65,"loc":{"start":{"line":65,"column":4},"end":{"line":68,"column":4}}},"9":{"name":"getStake","line":70,"loc":{"start":{"line":70,"column":4},"end":{"line":73,"column":4}}},"10":{"name":"obtain","line":75,"loc":{"start":{"line":75,"column":4},"end":{"line":80,"column":4}}},"11":{"name":"shouldExist","line":82,"loc":{"start":{"line":82,"column":4},"end":{"line":85,"column":4}}},"12":{"name":"_revoke","line":88,"loc":{"start":{"line":88,"column":4},"end":{"line":97,"column":4}}}},"statementMap":{"1":{"start":{"line":30,"column":8},"end":{"line":30,"column":20}},"2":{"start":{"line":31,"column":8},"end":{"line":31,"column":24}},"3":{"start":{"line":35,"column":8},"end":{"line":35,"column":49}},"4":{"start":{"line":39,"column":8},"end":{"line":39,"column":32}},"5":{"start":{"line":43,"column":8},"end":{"line":43,"column":26}},"6":{"start":{"line":44,"column":8},"end":{"line":44,"column":46}},"7":{"start":{"line":45,"column":8},"end":{"line":45,"column":46}},"8":{"start":{"line":49,"column":8},"end":{"line":49,"column":36}},"9":{"start":{"line":53,"column":8},"end":{"line":53,"column":38}},"10":{"start":{"line":54,"column":8},"end":{"line":54,"column":23}},"11":{"start":{"line":55,"column":8},"end":{"line":55,"column":23}},"12":{"start":{"line":56,"column":8},"end":{"line":56,"column":23}},"13":{"start":{"line":60,"column":8},"end":{"line":60,"column":78}},"14":{"start":{"line":61,"column":8},"end":{"line":61,"column":37}},"15":{"start":{"line":62,"column":8},"end":{"line":62,"column":16}},"16":{"start":{"line":66,"column":6},"end":{"line":66,"column":35}},"17":{"start":{"line":67,"column":6},"end":{"line":67,"column":24}},"18":{"start":{"line":71,"column":6},"end":{"line":71,"column":35}},"19":{"start":{"line":72,"column":6},"end":{"line":72,"column":24}},"20":{"start":{"line":76,"column":8},"end":{"line":76,"column":37}},"21":{"start":{"line":77,"column":8},"end":{"line":77,"column":34}},"22":{"start":{"line":78,"column":8},"end":{"line":78,"column":47}},"23":{"start":{"line":83,"column":7},"end":{"line":83,"column":67}},"24":{"start":{"line":89,"column":8},"end":{"line":89,"column":69}},"25":{"start":{"line":91,"column":8},"end":{"line":91,"column":50}},"26":{"start":{"line":93,"column":8},"end":{"line":93,"column":70}},"27":{"start":{"line":95,"column":8},"end":{"line":95,"column":28}},"28":{"start":{"line":96,"column":8},"end":{"line":96,"column":37}}},"branchMap":{"1":{"line":60,"type":"if","locations":[{"start":{"line":60,"column":8},"end":{"line":60,"column":8}},{"start":{"line":60,"column":8},"end":{"line":60,"column":8}}]},"2":{"line":83,"type":"if","locations":[{"start":{"line":83,"column":7},"end":{"line":83,"column":7}},{"start":{"line":83,"column":7},"end":{"line":83,"column":7}}]},"3":{"line":89,"type":"if","locations":[{"start":{"line":89,"column":8},"end":{"line":89,"column":8}},{"start":{"line":89,"column":8},"end":{"line":89,"column":8}}]},"4":{"line":93,"type":"if","locations":[{"start":{"line":93,"column":8},"end":{"line":93,"column":8}},{"start":{"line":93,"column":8},"end":{"line":93,"column":8}}]}}},"contracts/Builder.sol":{"l":{"32":0,"33":0,"34":0,"35":0},"path":"/Users/vikival/Documents/FIIT/DP/prototype/packages/hardhat/contracts/Builder.sol","s":{"1":0,"2":0,"3":0,"4":0},"b":{},"f":{"1":0,"2":0},"fnMap":{"1":{"name":"constructor","line":26,"loc":{"start":{"line":26,"column":4},"end":{"line":28,"column":4}}},"2":{"name":"create","line":30,"loc":{"start":{"line":30,"column":4},"end":{"line":38,"column":4}}}},"statementMap":{"1":{"start":{"line":32,"column":8},"end":{"line":32,"column":60}},"2":{"start":{"line":33,"column":8},"end":{"line":33,"column":65}},"3":{"start":{"line":34,"column":8},"end":{"line":34,"column":40}},"4":{"start":{"line":35,"column":8},"end":{"line":35,"column":41}}},"branchMap":{}},"contracts/Factory.sol":{"l":{"37":0,"38":0,"39":0,"43":0,"44":0,"45":0,"46":0,"50":0,"51":0},"path":"/Users/vikival/Documents/FIIT/DP/prototype/packages/hardhat/contracts/Factory.sol","s":{"1":0,"2":0,"3":0,"4":0,"5":0,"6":0,"7":0,"8":0,"9":0},"b":{"1":[0,0]},"f":{"1":0,"2":0,"3":0},"fnMap":{"1":{"name":"create","line":36,"loc":{"start":{"line":36,"column":4},"end":{"line":40,"column":4}}},"2":{"name":"_create","line":42,"loc":{"start":{"line":42,"column":4},"end":{"line":47,"column":4}}},"3":{"name":"_parenting","line":49,"loc":{"start":{"line":49,"column":4},"end":{"line":52,"column":4}}}},"statementMap":{"1":{"start":{"line":37,"column":6},"end":{"line":37,"column":58}},"2":{"start":{"line":38,"column":6},"end":{"line":38,"column":54}},"3":{"start":{"line":39,"column":6},"end":{"line":39,"column":18}},"4":{"start":{"line":43,"column":6},"end":{"line":43,"column":66}},"5":{"start":{"line":44,"column":6},"end":{"line":44,"column":89}},"6":{"start":{"line":45,"column":6},"end":{"line":45,"column":67}},"7":{"start":{"line":46,"column":6},"end":{"line":46,"column":19}},"8":{"start":{"line":50,"column":8},"end":{"line":50,"column":38}},"9":{"start":{"line":51,"column":8},"end":{"line":51,"column":38}}},"branchMap":{"1":{"line":44,"type":"if","locations":[{"start":{"line":44,"column":6},"end":{"line":44,"column":6}},{"start":{"line":44,"column":6},"end":{"line":44,"column":6}}]}}},"contracts/IAbstractFactory.sol":{"l":{},"path":"/Users/vikival/Documents/FIIT/DP/prototype/packages/hardhat/contracts/IAbstractFactory.sol","s":{},"b":{},"f":{},"fnMap":{},"statementMap":{},"branchMap":{}},"contracts/IAccess.sol":{"l":{},"path":"/Users/vikival/Documents/FIIT/DP/prototype/packages/hardhat/contracts/IAccess.sol","s":{},"b":{},"f":{},"fnMap":{},"statementMap":{},"branchMap":{}},"contracts/IAsset.sol":{"l":{},"path":"/Users/vikival/Documents/FIIT/DP/prototype/packages/hardhat/contracts/IAsset.sol","s":{},"b":{},"f":{},"fnMap":{},"statementMap":{},"branchMap":{}},"contracts/IChild.sol":{"l":{},"path":"/Users/vikival/Documents/FIIT/DP/prototype/packages/hardhat/contracts/IChild.sol","s":{},"b":{},"f":{},"fnMap":{},"statementMap":{},"branchMap":{}},"contracts/IParent.sol":{"l":{},"path":"/Users/vikival/Documents/FIIT/DP/prototype/packages/hardhat/contracts/IParent.sol","s":{},"b":{},"f":{},"fnMap":{},"statementMap":{},"branchMap":{}},"contracts/IRegistry.sol":{"l":{},"path":"/Users/vikival/Documents/FIIT/DP/prototype/packages/hardhat/contracts/IRegistry.sol","s":{},"b":{},"f":{},"fnMap":{},"statementMap":{},"branchMap":{}},"contracts/Registry.sol":{"l":{"28":0,"29":0,"30":0,"31":0,"37":0,"41":0,"48":0,"49":0,"54":0,"55":0,"57":0,"62":0,"63":0,"65":0,"71":0,"76":0,"77":0,"81":0,"85":0,"86":0,"88":0,"91":0,"92":0,"96":0,"97":0,"98":0,"102":0,"103":0},"path":"/Users/vikival/Documents/FIIT/DP/prototype/packages/hardhat/contracts/Registry.sol","s":{"1":0,"2":0,"3":0,"4":0,"5":0,"6":0,"7":0,"8":0,"9":0,"10":0,"11":0,"12":0,"13":0,"14":0,"15":0,"16":0,"17":0,"18":0,"19":0,"20":0,"21":0,"22":0,"23":0,"24":0,"25":0,"26":0,"27":0},"b":{"1":[0,0],"2":[0,0],"3":[0,0],"4":[0,0],"5":[0,0],"6":[0,0]},"f":{"1":0,"2":0,"3":0,"4":0,"5":0,"6":0,"7":0,"8":0,"9":0,"10":0,"11":0,"12":0,"13":0},"fnMap":{"1":{"name":"constructor","line":27,"loc":{"start":{"line":27,"column":4},"end":{"line":33,"column":4}}},"2":{"name":"addScore","line":35,"loc":{"start":{"line":35,"column":4},"end":{"line":38,"column":4}}},"3":{"name":"distribute","line":40,"loc":{"start":{"line":40,"column":4},"end":{"line":45,"column":4}}},"4":{"name":"approve","line":47,"loc":{"start":{"line":47,"column":4},"end":{"line":50,"column":4}}},"5":{"name":"resolve","line":53,"loc":{"start":{"line":53,"column":4},"end":{"line":59,"column":4}}},"6":{"name":"judge","line":61,"loc":{"start":{"line":61,"column":4},"end":{"line":68,"column":4}}},"7":{"name":"isJudge","line":70,"loc":{"start":{"line":70,"column":4},"end":{"line":72,"column":4}}},"8":{"name":"addJudge","line":75,"loc":{"start":{"line":75,"column":4},"end":{"line":78,"column":4}}},"9":{"name":"approvalCount","line":80,"loc":{"start":{"line":80,"column":4},"end":{"line":82,"column":4}}},"10":{"name":"challenge","line":84,"loc":{"start":{"line":84,"column":4},"end":{"line":93,"column":4}}},"11":{"name":"set","line":95,"loc":{"start":{"line":95,"column":4},"end":{"line":99,"column":4}}},"12":{"name":"onlyOne","line":101,"loc":{"start":{"line":101,"column":4},"end":{"line":104,"column":4}}},"13":{"name":"createBadge","line":106,"loc":{"start":{"line":106,"column":4},"end":{"line":108,"column":4}}}},"statementMap":{"1":{"start":{"line":28,"column":8},"end":{"line":28,"column":72}},"2":{"start":{"line":29,"column":8},"end":{"line":29,"column":24}},"3":{"start":{"line":30,"column":8},"end":{"line":30,"column":744}},"4":{"start":{"line":31,"column":12},"end":{"line":31,"column":35}},"5":{"start":{"line":37,"column":8},"end":{"line":37,"column":16}},"6":{"start":{"line":41,"column":8},"end":{"line":41,"column":50}},"7":{"start":{"line":48,"column":8},"end":{"line":48,"column":43}},"8":{"start":{"line":49,"column":8},"end":{"line":49,"column":37}},"9":{"start":{"line":54,"column":8},"end":{"line":54,"column":1389}},"10":{"start":{"line":55,"column":12},"end":{"line":55,"column":23}},"11":{"start":{"line":57,"column":12},"end":{"line":57,"column":26}},"12":{"start":{"line":62,"column":8},"end":{"line":62,"column":1599}},"13":{"start":{"line":63,"column":12},"end":{"line":63,"column":39}},"14":{"start":{"line":65,"column":12},"end":{"line":65,"column":39}},"15":{"start":{"line":71,"column":8},"end":{"line":71,"column":41}},"16":{"start":{"line":76,"column":8},"end":{"line":76,"column":67}},"17":{"start":{"line":77,"column":8},"end":{"line":77,"column":27}},"18":{"start":{"line":81,"column":8},"end":{"line":81,"column":30}},"19":{"start":{"line":85,"column":8},"end":{"line":85,"column":49}},"20":{"start":{"line":86,"column":8},"end":{"line":86,"column":51}},"21":{"start":{"line":88,"column":8},"end":{"line":88,"column":54}},"22":{"start":{"line":91,"column":8},"end":{"line":91,"column":38}},"23":{"start":{"line":92,"column":8},"end":{"line":92,"column":27}},"24":{"start":{"line":96,"column":8},"end":{"line":96,"column":46}},"25":{"start":{"line":97,"column":8},"end":{"line":97,"column":22}},"26":{"start":{"line":98,"column":8},"end":{"line":98,"column":18}},"27":{"start":{"line":102,"column":7},"end":{"line":102,"column":85}}},"branchMap":{"1":{"line":30,"type":"if","locations":[{"start":{"line":30,"column":8},"end":{"line":30,"column":8}},{"start":{"line":30,"column":8},"end":{"line":30,"column":8}}]},"2":{"line":54,"type":"if","locations":[{"start":{"line":54,"column":8},"end":{"line":54,"column":8}},{"start":{"line":54,"column":8},"end":{"line":54,"column":8}}]},"3":{"line":62,"type":"if","locations":[{"start":{"line":62,"column":8},"end":{"line":62,"column":8}},{"start":{"line":62,"column":8},"end":{"line":62,"column":8}}]},"4":{"line":76,"type":"if","locations":[{"start":{"line":76,"column":8},"end":{"line":76,"column":8}},{"start":{"line":76,"column":8},"end":{"line":76,"column":8}}]},"5":{"line":88,"type":"if","locations":[{"start":{"line":88,"column":8},"end":{"line":88,"column":8}},{"start":{"line":88,"column":8},"end":{"line":88,"column":8}}]},"6":{"line":102,"type":"if","locations":[{"start":{"line":102,"column":7},"end":{"line":102,"column":7}},{"start":{"line":102,"column":7},"end":{"line":102,"column":7}}]}}},"contracts/YourContract.sol":{"l":{"18":1,"19":1,"20":1},"path":"/Users/vikival/Documents/FIIT/DP/prototype/packages/hardhat/contracts/YourContract.sol","s":{"1":1,"2":1,"3":1},"b":{},"f":{"1":3,"2":1},"fnMap":{"1":{"name":"constructor","line":13,"loc":{"start":{"line":13,"column":2},"end":{"line":15,"column":2}}},"2":{"name":"setPurpose","line":17,"loc":{"start":{"line":17,"column":2},"end":{"line":21,"column":2}}}},"statementMap":{"1":{"start":{"line":18,"column":4},"end":{"line":18,"column":23}},"2":{"start":{"line":19,"column":4},"end":{"line":19,"column":51}},"3":{"start":{"line":20,"column":4},"end":{"line":20,"column":40}}},"branchMap":{}}}